Using pre-set license
Built from '2020.3/staging' branch; Version is '2020.3.26f1 (7298b473bc1a) revision 7510196'; Using compiler version '192528614'; Build Type 'Release'
OS: 'Windows 10  (10.0.19044) 64bit Core' Language: 'ru' Physical Memory: 16126 MB
BatchMode: 1, IsHumanControllingUs: 0, StartBugReporterOnCrash: 0, Is64bit: 1, IsPro: 0

COMMAND LINE ARGUMENTS:
C:\Program Files\Unity\Hub\Editor\2020.3.26f1\Editor\Unity.exe
-adb2
-batchMode
-noUpm
-name
AssetImportWorker0
-projectPath
C:/Users/ggh13/Tower_defens_casino
-logFile
Logs/AssetImportWorker0.log
-srvPort
56523
Successfully changed project path to: C:/Users/ggh13/Tower_defens_casino
C:/Users/ggh13/Tower_defens_casino
Using Asset Import Pipeline V2.
Refreshing native plugins compatible for Editor in 39.16 ms, found 3 plugins.
Preloading 0 native plugins for Editor in 0.00 ms.
Initialize engine version: 2020.3.26f1 (7298b473bc1a)
[Subsystems] Discovering subsystems at path C:/Program Files/Unity/Hub/Editor/2020.3.26f1/Editor/Data/Resources/UnitySubsystems
[Subsystems] Discovering subsystems at path C:/Users/ggh13/Tower_defens_casino/Assets
GfxDevice: creating device client; threaded=0
Direct3D:
    Version:  Direct3D 11.0 [level 11.1]
    Renderer: NVIDIA GeForce RTX 3060 Laptop GPU (ID=0x2560)
    Vendor:   
    VRAM:     6023 MB
    Driver:   30.0.15.1272
Initialize mono
Mono path[0] = 'C:/Program Files/Unity/Hub/Editor/2020.3.26f1/Editor/Data/Managed'
Mono path[1] = 'C:/Program Files/Unity/Hub/Editor/2020.3.26f1/Editor/Data/MonoBleedingEdge/lib/mono/unityjit'
Mono config path = 'C:/Program Files/Unity/Hub/Editor/2020.3.26f1/Editor/Data/MonoBleedingEdge/etc'
Using monoOptions --debugger-agent=transport=dt_socket,embedding=1,server=y,suspend=n,address=127.0.0.1:56448
Begin MonoManager ReloadAssembly
Registering precompiled unity dll's ...
Register platform support module: C:/Program Files/Unity/Hub/Editor/2020.3.26f1/Editor/Data/PlaybackEngines/WebGLSupport/UnityEditor.WebGL.Extensions.dll
Register platform support module: C:/Program Files/Unity/Hub/Editor/2020.3.26f1/Editor/Data/PlaybackEngines/WindowsStandaloneSupport/UnityEditor.WindowsStandalone.Extensions.dll
Registered in 0.001858 seconds.
Native extension for WindowsStandalone target not found
Native extension for WebGL target not found
Refreshing native plugins compatible for Editor in 33.33 ms, found 3 plugins.
Preloading 0 native plugins for Editor in 0.00 ms.
Mono: successfully reloaded assembly
- Completed reload, in  0.444 seconds
Domain Reload Profiling:
	ReloadAssembly (444ms)
		BeginReloadAssembly (39ms)
			ExecutionOrderSort (0ms)
			DisableScriptedObjects (0ms)
			BackupInstance (0ms)
			ReleaseScriptingObjects (0ms)
			CreateAndSetChildDomain (1ms)
		EndReloadAssembly (340ms)
			LoadAssemblies (38ms)
			RebuildTransferFunctionScriptingTraits (0ms)
			SetupTypeCache (116ms)
			ReleaseScriptCaches (0ms)
			RebuildScriptCaches (25ms)
			SetupLoadedEditorAssemblies (128ms)
				LogAssemblyErrors (0ms)
				InitializePlatformSupportModulesInManaged (4ms)
				SetLoadedEditorAssemblies (0ms)
				RefreshPlugins (33ms)
				BeforeProcessingInitializeOnLoad (13ms)
				ProcessInitializeOnLoadAttributes (58ms)
				ProcessInitializeOnLoadMethodAttributes (19ms)
				AfterProcessingInitializeOnLoad (0ms)
				EditorAssembliesLoaded (0ms)
			ExecutionOrderSort2 (0ms)
			AwakeInstancesAfterBackupRestoration (0ms)
Platform modules already initialized, skipping
Registering precompiled user dll's ...
Registered in 0.003306 seconds.
Begin MonoManager ReloadAssembly
Native extension for WindowsStandalone target not found
Native extension for WebGL target not found
Refreshing native plugins compatible for Editor in 32.90 ms, found 3 plugins.
Preloading 0 native plugins for Editor in 0.00 ms.
Mono: successfully reloaded assembly
- Completed reload, in  0.770 seconds
Domain Reload Profiling:
	ReloadAssembly (771ms)
		BeginReloadAssembly (93ms)
			ExecutionOrderSort (0ms)
			DisableScriptedObjects (3ms)
			BackupInstance (0ms)
			ReleaseScriptingObjects (0ms)
			CreateAndSetChildDomain (14ms)
		EndReloadAssembly (635ms)
			LoadAssemblies (62ms)
			RebuildTransferFunctionScriptingTraits (0ms)
			SetupTypeCache (210ms)
			ReleaseScriptCaches (0ms)
			RebuildScriptCaches (33ms)
			SetupLoadedEditorAssemblies (244ms)
				LogAssemblyErrors (0ms)
				InitializePlatformSupportModulesInManaged (4ms)
				SetLoadedEditorAssemblies (0ms)
				RefreshPlugins (33ms)
				BeforeProcessingInitializeOnLoad (62ms)
				ProcessInitializeOnLoadAttributes (129ms)
				ProcessInitializeOnLoadMethodAttributes (11ms)
				AfterProcessingInitializeOnLoad (4ms)
				EditorAssembliesLoaded (0ms)
			ExecutionOrderSort2 (0ms)
			AwakeInstancesAfterBackupRestoration (4ms)
Platform modules already initialized, skipping
========================================================================
Worker process is ready to serve import requests
Launched and connected shader compiler UnityShaderCompiler.exe after 0.04 seconds
Refreshing native plugins compatible for Editor in 0.44 ms, found 3 plugins.
Preloading 0 native plugins for Editor in 0.00 ms.
Unloading 2214 Unused Serialized files (Serialized files now loaded: 0)
System memory in use before: 96.6 MB.
System memory in use after: 96.7 MB.

Unloading 27 unused Assets to reduce memory usage. Loaded Objects now: 2651.
Total: 2.281900 ms (FindLiveObjects: 0.133800 ms CreateObjectMapping: 0.033600 ms MarkObjects: 2.091100 ms  DeleteObjects: 0.022700 ms)

AssetImportParameters requested are different than current active one (requested -> active):
  custom:framework-win-MediaFoundation: 216162199b28c13a410421893ffa2e32 -> 
  custom:video-decoder-ogg-theora: a1e56fd34408186e4bbccfd4996cb3dc -> 
  custom:container-muxer-webm: aa71ff27fc2769a1b78a27578f13a17b -> 
  custom:container-demuxer-webm: 4f35f7cbe854078d1ac9338744f61a02 -> 
  custom:container-demuxer-ogg: 62fdf1f143b41e24485cea50d1cbac27 -> 
  custom:video-encoder-webm-vp8: eb34c28f22e8b96e1ab97ce403110664 -> 
  custom:video-decoder-webm-vp8: 9c59270c3fd7afecdb556c50c9e8de78 -> 
  custom:audio-decoder-ogg-vorbis: bf7c407c2cedff20999df2af8eb42d56 -> 
  custom:audio-encoder-webm-vorbis: bf7c407c2cedff20999df2af8eb42d56 -> 
========================================================================
Received Import Request.
  path: Assets/Scenes/Study_level.unity
  artifactKey: Guid(864eaae54b96fc44e9b7bcd56cfe4952) Importer(815301076,1909f56bfc062723c751e8b465ee728b)
Start importing Assets/Scenes/Study_level.unity using Guid(864eaae54b96fc44e9b7bcd56cfe4952) Importer(815301076,1909f56bfc062723c751e8b465ee728b)  -> (artifact id: 'd3c7684932e6d7e433f7225ef74a160a') in 0.014089 seconds 
  Import took 0.016806 seconds .

========================================================================
Received Import Request.
  Time since last request: 290.975242 seconds.
  path: Assets/scripts/for_any_one_part_anim.cs
  artifactKey: Guid(ef2f0d01538c8294890c535ae4d2c2c0) Importer(815301076,1909f56bfc062723c751e8b465ee728b)
Start importing Assets/scripts/for_any_one_part_anim.cs using Guid(ef2f0d01538c8294890c535ae4d2c2c0) Importer(815301076,1909f56bfc062723c751e8b465ee728b)  -> (artifact id: 'cc8b0f65423cd555c4ca43361bbdb2f0') in 0.018650 seconds 
  Import took 0.023763 seconds .

========================================================================
Received Prepare
Registering precompiled user dll's ...
Registered in 0.004156 seconds.
Begin MonoManager ReloadAssembly
Native extension for WindowsStandalone target not found
Native extension for WebGL target not found
Refreshing native plugins compatible for Editor in 0.63 ms, found 3 plugins.
Preloading 0 native plugins for Editor in 0.00 ms.
Mono: successfully reloaded assembly
- Completed reload, in  0.767 seconds
Domain Reload Profiling:
	ReloadAssembly (767ms)
		BeginReloadAssembly (97ms)
			ExecutionOrderSort (0ms)
			DisableScriptedObjects (5ms)
			BackupInstance (0ms)
			ReleaseScriptingObjects (0ms)
			CreateAndSetChildDomain (29ms)
		EndReloadAssembly (608ms)
			LoadAssemblies (73ms)
			RebuildTransferFunctionScriptingTraits (0ms)
			SetupTypeCache (220ms)
			ReleaseScriptCaches (1ms)
			RebuildScriptCaches (30ms)
			SetupLoadedEditorAssemblies (213ms)
				LogAssemblyErrors (0ms)
				InitializePlatformSupportModulesInManaged (4ms)
				SetLoadedEditorAssemblies (0ms)
				RefreshPlugins (1ms)
				BeforeProcessingInitializeOnLoad (62ms)
				ProcessInitializeOnLoadAttributes (133ms)
				ProcessInitializeOnLoadMethodAttributes (7ms)
				AfterProcessingInitializeOnLoad (5ms)
				EditorAssembliesLoaded (0ms)
			ExecutionOrderSort2 (0ms)
			AwakeInstancesAfterBackupRestoration (6ms)
Platform modules already initialized, skipping
Refreshing native plugins compatible for Editor in 0.44 ms, found 3 plugins.
Preloading 0 native plugins for Editor in 0.00 ms.
Unloading 2203 Unused Serialized files (Serialized files now loaded: 0)
System memory in use before: 96.0 MB.
System memory in use after: 96.1 MB.

Unloading 17 unused Assets to reduce memory usage. Loaded Objects now: 2653.
Total: 2.467100 ms (FindLiveObjects: 0.128800 ms CreateObjectMapping: 0.042200 ms MarkObjects: 2.279900 ms  DeleteObjects: 0.015400 ms)

AssetImportParameters requested are different than current active one (requested -> active):
  custom:framework-win-MediaFoundation: 216162199b28c13a410421893ffa2e32 -> 
  custom:video-decoder-ogg-theora: a1e56fd34408186e4bbccfd4996cb3dc -> 
  custom:container-muxer-webm: aa71ff27fc2769a1b78a27578f13a17b -> 
  custom:container-demuxer-webm: 4f35f7cbe854078d1ac9338744f61a02 -> 
  custom:container-demuxer-ogg: 62fdf1f143b41e24485cea50d1cbac27 -> 
  custom:video-encoder-webm-vp8: eb34c28f22e8b96e1ab97ce403110664 -> 
  custom:video-decoder-webm-vp8: 9c59270c3fd7afecdb556c50c9e8de78 -> 
  custom:audio-decoder-ogg-vorbis: bf7c407c2cedff20999df2af8eb42d56 -> 
  custom:audio-encoder-webm-vorbis: bf7c407c2cedff20999df2af8eb42d56 -> 
========================================================================
Received Import Request.
  Time since last request: 464.329747 seconds.
  path: Assets/wolf_body.prefab
  artifactKey: Guid(b773d04650940e54b9ae103a875cf749) Importer(815301076,1909f56bfc062723c751e8b465ee728b)
Start importing Assets/wolf_body.prefab using Guid(b773d04650940e54b9ae103a875cf749) Importer(815301076,1909f56bfc062723c751e8b465ee728b)  -> (artifact id: '7b6de2f9e6afc8182692a700d7a9043c') in 0.078427 seconds 
  Import took 0.082393 seconds .

========================================================================
Received Import Request.
  Time since last request: 0.000294 seconds.
  path: Assets/folf_head.prefab
  artifactKey: Guid(b63e7dd5d368d9444b339ae9b21adc77) Importer(815301076,1909f56bfc062723c751e8b465ee728b)
Start importing Assets/folf_head.prefab using Guid(b63e7dd5d368d9444b339ae9b21adc77) Importer(815301076,1909f56bfc062723c751e8b465ee728b)  -> (artifact id: '00ae203ffa68f7ad8ba3de63b0c8acd5') in 0.014363 seconds 
  Import took 0.019407 seconds .

========================================================================
Received Import Request.
  Time since last request: 0.000181 seconds.
  path: Assets/croc_body.prefab
  artifactKey: Guid(72ebb6a914588ee42b201becefc5ff49) Importer(815301076,1909f56bfc062723c751e8b465ee728b)
Start importing Assets/croc_body.prefab using Guid(72ebb6a914588ee42b201becefc5ff49) Importer(815301076,1909f56bfc062723c751e8b465ee728b)  -> (artifact id: '5364f415f13a367d19de3c90f66cea28') in 0.026901 seconds 
  Import took 0.031684 seconds .

========================================================================
Received Import Request.
  Time since last request: 0.000260 seconds.
  path: Assets/bear_body.prefab
  artifactKey: Guid(88688bfb83680204ba974657ca198e53) Importer(815301076,1909f56bfc062723c751e8b465ee728b)
Start importing Assets/bear_body.prefab using Guid(88688bfb83680204ba974657ca198e53) Importer(815301076,1909f56bfc062723c751e8b465ee728b)  -> (artifact id: 'add2e4fc7fddf0c2a00cb2c4d2785cb8') in 0.014098 seconds 
  Import took 0.018259 seconds .

========================================================================
Received Import Request.
  Time since last request: 0.000218 seconds.
  path: Assets/bear__head.prefab
  artifactKey: Guid(9417c97a1cee5194e8b3592931fcc5e2) Importer(815301076,1909f56bfc062723c751e8b465ee728b)
Start importing Assets/bear__head.prefab using Guid(9417c97a1cee5194e8b3592931fcc5e2) Importer(815301076,1909f56bfc062723c751e8b465ee728b)  -> (artifact id: '22aa86d4bbf51ef1eb55cdef682e5823') in 0.010554 seconds 
  Import took 0.014557 seconds .

========================================================================
Received Import Request.
  Time since last request: 0.000193 seconds.
  path: Assets/croc_head.prefab
  artifactKey: Guid(66296b43707d0cd4bb213038e5ff4dde) Importer(815301076,1909f56bfc062723c751e8b465ee728b)
Start importing Assets/croc_head.prefab using Guid(66296b43707d0cd4bb213038e5ff4dde) Importer(815301076,1909f56bfc062723c751e8b465ee728b)  -> (artifact id: '88f838c79a550e3181bef3506b3f55ea') in 0.012243 seconds 
  Import took 0.016641 seconds .

========================================================================
Received Import Request.
  Time since last request: 3.930582 seconds.
  path: Assets/solders/Solder_bear.prefab
  artifactKey: Guid(0c825c1c7ddefe94f841b565d825624f) Importer(815301076,1909f56bfc062723c751e8b465ee728b)
Start importing Assets/solders/Solder_bear.prefab using Guid(0c825c1c7ddefe94f841b565d825624f) Importer(815301076,1909f56bfc062723c751e8b465ee728b)  -> (artifact id: 'dcedd3a90dedfda3670039fe65215647') in 0.040738 seconds 
  Import took 0.045224 seconds .

========================================================================
Received Import Request.
  Time since last request: 0.000243 seconds.
  path: Assets/solders/Solder_crocodile.prefab
  artifactKey: Guid(adf6c62165d5eb24a9e594bb5a53ee88) Importer(815301076,1909f56bfc062723c751e8b465ee728b)
Start importing Assets/solders/Solder_crocodile.prefab using Guid(adf6c62165d5eb24a9e594bb5a53ee88) Importer(815301076,1909f56bfc062723c751e8b465ee728b)  -> (artifact id: 'ec905ea45c009579466dd78d915ef544') in 0.015023 seconds 
  Import took 0.020001 seconds .

========================================================================
Received Import Request.
  Time since last request: 0.000221 seconds.
  path: Assets/solders/Solder_wolf.prefab
  artifactKey: Guid(97833e8885d26744bab835f5ef2aee11) Importer(815301076,1909f56bfc062723c751e8b465ee728b)
Start importing Assets/solders/Solder_wolf.prefab using Guid(97833e8885d26744bab835f5ef2aee11) Importer(815301076,1909f56bfc062723c751e8b465ee728b)  -> (artifact id: '74aa5a605c6bdc1eb701079ac14b1131') in 0.016740 seconds 
  Import took 0.020818 seconds .

========================================================================
Received Import Request.
  Time since last request: 19.187608 seconds.
  path: Assets/solders/Solder_bear.prefab
  artifactKey: Guid(0c825c1c7ddefe94f841b565d825624f) Importer(815301076,1909f56bfc062723c751e8b465ee728b)
Start importing Assets/solders/Solder_bear.prefab using Guid(0c825c1c7ddefe94f841b565d825624f) Importer(815301076,1909f56bfc062723c751e8b465ee728b)  -> (artifact id: '8f3f83574c43e0b14f45692e84bfca95') in 0.016187 seconds 
  Import took 0.020299 seconds .

========================================================================
Received Import Request.
  Time since last request: 2.374142 seconds.
  path: Assets/solders/Solder_bear.prefab
  artifactKey: Guid(0c825c1c7ddefe94f841b565d825624f) Importer(815301076,1909f56bfc062723c751e8b465ee728b)
Start importing Assets/solders/Solder_bear.prefab using Guid(0c825c1c7ddefe94f841b565d825624f) Importer(815301076,1909f56bfc062723c751e8b465ee728b)  -> (artifact id: 'de91cdad8ac2adaa4f34f186b5c2961e') in 0.010742 seconds 
  Import took 0.014855 seconds .

========================================================================
Received Import Request.
  Time since last request: 2.048576 seconds.
  path: Assets/solders/Solder_bear.prefab
  artifactKey: Guid(0c825c1c7ddefe94f841b565d825624f) Importer(815301076,1909f56bfc062723c751e8b465ee728b)
Start importing Assets/solders/Solder_bear.prefab using Guid(0c825c1c7ddefe94f841b565d825624f) Importer(815301076,1909f56bfc062723c751e8b465ee728b)  -> (artifact id: '234f785bb2cf794d1d31dccb8d539f93') in 0.020317 seconds 
  Import took 0.024112 seconds .

========================================================================
Received Import Request.
  Time since last request: 3.806695 seconds.
  path: Assets/solders/Solder_bear.prefab
  artifactKey: Guid(0c825c1c7ddefe94f841b565d825624f) Importer(815301076,1909f56bfc062723c751e8b465ee728b)
Start importing Assets/solders/Solder_bear.prefab using Guid(0c825c1c7ddefe94f841b565d825624f) Importer(815301076,1909f56bfc062723c751e8b465ee728b)  -> (artifact id: '60b6870e17b8b9c4ece4a4b5e0b44d21') in 0.011508 seconds 
  Import took 0.014941 seconds .

========================================================================
Received Import Request.
  Time since last request: 5.079559 seconds.
  path: Assets/solders/Solder_bear.prefab
  artifactKey: Guid(0c825c1c7ddefe94f841b565d825624f) Importer(815301076,1909f56bfc062723c751e8b465ee728b)
Start importing Assets/solders/Solder_bear.prefab using Guid(0c825c1c7ddefe94f841b565d825624f) Importer(815301076,1909f56bfc062723c751e8b465ee728b)  -> (artifact id: '3d190b71c72dfcc25dfcfda5bc77f216') in 0.011024 seconds 
  Import took 0.015578 seconds .

========================================================================
Received Import Request.
  Time since last request: 2.810236 seconds.
  path: Assets/solders/Solder_bear.prefab
  artifactKey: Guid(0c825c1c7ddefe94f841b565d825624f) Importer(815301076,1909f56bfc062723c751e8b465ee728b)
Start importing Assets/solders/Solder_bear.prefab using Guid(0c825c1c7ddefe94f841b565d825624f) Importer(815301076,1909f56bfc062723c751e8b465ee728b)  -> (artifact id: '6f75fcdb4d24de66ce9b85988348dbc7') in 0.010251 seconds 
  Import took 0.014088 seconds .

========================================================================
Received Import Request.
  Time since last request: 3.811026 seconds.
  path: Assets/solders/Solder_bear.prefab
  artifactKey: Guid(0c825c1c7ddefe94f841b565d825624f) Importer(815301076,1909f56bfc062723c751e8b465ee728b)
Start importing Assets/solders/Solder_bear.prefab using Guid(0c825c1c7ddefe94f841b565d825624f) Importer(815301076,1909f56bfc062723c751e8b465ee728b)  -> (artifact id: '797a1ee832757edb57e34af815a0af28') in 0.013700 seconds 
  Import took 0.017231 seconds .

========================================================================
Received Import Request.
  Time since last request: 5.024633 seconds.
  path: Assets/solders/Solder_bear.prefab
  artifactKey: Guid(0c825c1c7ddefe94f841b565d825624f) Importer(815301076,1909f56bfc062723c751e8b465ee728b)
Start importing Assets/solders/Solder_bear.prefab using Guid(0c825c1c7ddefe94f841b565d825624f) Importer(815301076,1909f56bfc062723c751e8b465ee728b)  -> (artifact id: '28d12352e94e1b655ffd83b803e88e81') in 0.012552 seconds 
  Import took 0.016386 seconds .

========================================================================
Received Import Request.
  Time since last request: 4.413114 seconds.
  path: Assets/solders/Solder_bear.prefab
  artifactKey: Guid(0c825c1c7ddefe94f841b565d825624f) Importer(815301076,1909f56bfc062723c751e8b465ee728b)
Start importing Assets/solders/Solder_bear.prefab using Guid(0c825c1c7ddefe94f841b565d825624f) Importer(815301076,1909f56bfc062723c751e8b465ee728b)  -> (artifact id: '9e5a6130d13b781e0057c46dabe27802') in 0.013559 seconds 
  Import took 0.017335 seconds .

========================================================================
Received Import Request.
  Time since last request: 2.198907 seconds.
  path: Assets/solders/Solder_bear.prefab
  artifactKey: Guid(0c825c1c7ddefe94f841b565d825624f) Importer(815301076,1909f56bfc062723c751e8b465ee728b)
Start importing Assets/solders/Solder_bear.prefab using Guid(0c825c1c7ddefe94f841b565d825624f) Importer(815301076,1909f56bfc062723c751e8b465ee728b)  -> (artifact id: '5608d20e7b89d3b4f67e6795848b8010') in 0.013093 seconds 
  Import took 0.016844 seconds .

========================================================================
Received Import Request.
  Time since last request: 0.212400 seconds.
  path: Packages/com.unity.collab-proxy/Editor/Collaborate/Assets/Icons/added-file-dark.png
  artifactKey: Guid(1a4f52b613391cd449af3ad2e44affeb) Importer(815301076,1909f56bfc062723c751e8b465ee728b)
Start importing Packages/com.unity.collab-proxy/Editor/Collaborate/Assets/Icons/added-file-dark.png using Guid(1a4f52b613391cd449af3ad2e44affeb) Importer(815301076,1909f56bfc062723c751e8b465ee728b)  -> (artifact id: 'b6c50c6b02d9b73c5e2e4a85549794a4') in 0.050635 seconds 
  Import took 0.054863 seconds .

========================================================================
Received Import Request.
  Time since last request: 0.000267 seconds.
  path: Packages/com.unity.collab-proxy/Editor/Collaborate/Assets/Icons/back-dark.png
  artifactKey: Guid(8e3ec2dfd58b79842aa78376678a9a05) Importer(815301076,1909f56bfc062723c751e8b465ee728b)
Start importing Packages/com.unity.collab-proxy/Editor/Collaborate/Assets/Icons/back-dark.png using Guid(8e3ec2dfd58b79842aa78376678a9a05) Importer(815301076,1909f56bfc062723c751e8b465ee728b)  -> (artifact id: '6418a2c11981f0acf802666f81ff2714') in 0.018346 seconds 
  Import took 0.022078 seconds .

========================================================================
Received Import Request.
  Time since last request: 0.000219 seconds.
  path: Packages/com.unity.collab-proxy/Editor/Collaborate/Assets/Icons/added-file-dark@2x.png
  artifactKey: Guid(c223e0c507e2c6549a2cb97441b62cbe) Importer(815301076,1909f56bfc062723c751e8b465ee728b)
Start importing Packages/com.unity.collab-proxy/Editor/Collaborate/Assets/Icons/added-file-dark@2x.png using Guid(c223e0c507e2c6549a2cb97441b62cbe) Importer(815301076,1909f56bfc062723c751e8b465ee728b)  -> (artifact id: 'f9424499d8ed03e8df785259fedae1b3') in 0.019711 seconds 
  Import took 0.023689 seconds .

========================================================================
Received Import Request.
  Time since last request: 0.000249 seconds.
  path: Packages/com.unity.collab-proxy/Editor/Collaborate/Assets/Icons/added-file-light@2x.png
  artifactKey: Guid(ec2e3aa6d0ab8ce4eac29b56d65d61d5) Importer(815301076,1909f56bfc062723c751e8b465ee728b)
Start importing Packages/com.unity.collab-proxy/Editor/Collaborate/Assets/Icons/added-file-light@2x.png using Guid(ec2e3aa6d0ab8ce4eac29b56d65d61d5) Importer(815301076,1909f56bfc062723c751e8b465ee728b)  -> (artifact id: 'a4de0a7a5e4ce4511bc09095573cae8b') in 0.014032 seconds 
  Import took 0.017604 seconds .

========================================================================
Received Import Request.
  Time since last request: 0.000225 seconds.
  path: Packages/com.unity.collab-proxy/Editor/Collaborate/Assets/Icons/added-file-light.png
  artifactKey: Guid(397fff6c3885f8343bb65714f0064b5d) Importer(815301076,1909f56bfc062723c751e8b465ee728b)
Start importing Packages/com.unity.collab-proxy/Editor/Collaborate/Assets/Icons/added-file-light.png using Guid(397fff6c3885f8343bb65714f0064b5d) Importer(815301076,1909f56bfc062723c751e8b465ee728b)  -> (artifact id: 'c673a4f73ecb39b34c0c364ab5d41a87') in 0.014087 seconds 
  Import took 0.018023 seconds .

========================================================================
Received Import Request.
  Time since last request: 0.833057 seconds.
  path: Assets/solders/Solder_bear.prefab
  artifactKey: Guid(0c825c1c7ddefe94f841b565d825624f) Importer(815301076,1909f56bfc062723c751e8b465ee728b)
Start importing Assets/solders/Solder_bear.prefab using Guid(0c825c1c7ddefe94f841b565d825624f) Importer(815301076,1909f56bfc062723c751e8b465ee728b)  -> (artifact id: '98263132ef65b3e2b978b8d9b95b213c') in 0.011196 seconds 
  Import took 0.016313 seconds .

========================================================================
Received Import Request.
  Time since last request: 10.066956 seconds.
  path: Assets/solders/Solder_bear.prefab
  artifactKey: Guid(0c825c1c7ddefe94f841b565d825624f) Importer(815301076,1909f56bfc062723c751e8b465ee728b)
Start importing Assets/solders/Solder_bear.prefab using Guid(0c825c1c7ddefe94f841b565d825624f) Importer(815301076,1909f56bfc062723c751e8b465ee728b)  -> (artifact id: '1e762cd646d8d7173f59ae3b5170398c') in 0.012345 seconds 
  Import took 0.016157 seconds .

========================================================================
Received Import Request.
  Time since last request: 4.425885 seconds.
  path: Assets/solders/Solder_bear.prefab
  artifactKey: Guid(0c825c1c7ddefe94f841b565d825624f) Importer(815301076,1909f56bfc062723c751e8b465ee728b)
Start importing Assets/solders/Solder_bear.prefab using Guid(0c825c1c7ddefe94f841b565d825624f) Importer(815301076,1909f56bfc062723c751e8b465ee728b)  -> (artifact id: '3e319eb70ca07ac0a64d8e5f3ac7655a') in 0.010479 seconds 
  Import took 0.014540 seconds .

========================================================================
Received Import Request.
  Time since last request: 1.393503 seconds.
  path: Assets/solders/Solder_bear.prefab
  artifactKey: Guid(0c825c1c7ddefe94f841b565d825624f) Importer(815301076,1909f56bfc062723c751e8b465ee728b)
Start importing Assets/solders/Solder_bear.prefab using Guid(0c825c1c7ddefe94f841b565d825624f) Importer(815301076,1909f56bfc062723c751e8b465ee728b)  -> (artifact id: '940a8182cb91ac0665741a143bfcb2e2') in 0.010216 seconds 
  Import took 0.014054 seconds .

========================================================================
Received Import Request.
  Time since last request: 3.403586 seconds.
  path: Assets/solders/Solder_bear.prefab
  artifactKey: Guid(0c825c1c7ddefe94f841b565d825624f) Importer(815301076,1909f56bfc062723c751e8b465ee728b)
Start importing Assets/solders/Solder_bear.prefab using Guid(0c825c1c7ddefe94f841b565d825624f) Importer(815301076,1909f56bfc062723c751e8b465ee728b)  -> (artifact id: '3d9297475c24d885ce1c647d2f7fb48c') in 0.010796 seconds 
  Import took 0.014895 seconds .

========================================================================
Received Import Request.
  Time since last request: 0.395976 seconds.
  path: Assets/solders/Solder_bear.prefab
  artifactKey: Guid(0c825c1c7ddefe94f841b565d825624f) Importer(815301076,1909f56bfc062723c751e8b465ee728b)
Start importing Assets/solders/Solder_bear.prefab using Guid(0c825c1c7ddefe94f841b565d825624f) Importer(815301076,1909f56bfc062723c751e8b465ee728b)  -> (artifact id: 'e6d133286330ec2d7c1d81dc4ac5447d') in 0.011482 seconds 
  Import took 0.015770 seconds .

========================================================================
Received Import Request.
  Time since last request: 132.295812 seconds.
  path: Assets/solders/Solder_bear.prefab
  artifactKey: Guid(0c825c1c7ddefe94f841b565d825624f) Importer(815301076,1909f56bfc062723c751e8b465ee728b)
Start importing Assets/solders/Solder_bear.prefab using Guid(0c825c1c7ddefe94f841b565d825624f) Importer(815301076,1909f56bfc062723c751e8b465ee728b)  -> (artifact id: '0df017811e63bb9ec6762a9eea279e09') in 0.011331 seconds 
  Import took 0.015189 seconds .

========================================================================
Received Import Request.
  Time since last request: 4.006572 seconds.
  path: Assets/solders/Solder_bear.prefab
  artifactKey: Guid(0c825c1c7ddefe94f841b565d825624f) Importer(815301076,1909f56bfc062723c751e8b465ee728b)
Start importing Assets/solders/Solder_bear.prefab using Guid(0c825c1c7ddefe94f841b565d825624f) Importer(815301076,1909f56bfc062723c751e8b465ee728b)  -> (artifact id: '9c94f9f869af367aade49b1b02a8529e') in 0.011558 seconds 
  Import took 0.015543 seconds .

========================================================================
Received Import Request.
  Time since last request: 1.593249 seconds.
  path: Assets/solders/Solder_bear.prefab
  artifactKey: Guid(0c825c1c7ddefe94f841b565d825624f) Importer(815301076,1909f56bfc062723c751e8b465ee728b)
Start importing Assets/solders/Solder_bear.prefab using Guid(0c825c1c7ddefe94f841b565d825624f) Importer(815301076,1909f56bfc062723c751e8b465ee728b)  -> (artifact id: '04ed53e1df160faf2a22a4f2ce8e0c86') in 0.010286 seconds 
  Import took 0.014032 seconds .

========================================================================
Received Import Request.
  Time since last request: 1.395493 seconds.
  path: Assets/solders/Solder_bear.prefab
  artifactKey: Guid(0c825c1c7ddefe94f841b565d825624f) Importer(815301076,1909f56bfc062723c751e8b465ee728b)
Start importing Assets/solders/Solder_bear.prefab using Guid(0c825c1c7ddefe94f841b565d825624f) Importer(815301076,1909f56bfc062723c751e8b465ee728b)  -> (artifact id: 'd719464650d7508e5fa7671719021733') in 0.010738 seconds 
  Import took 0.014858 seconds .

========================================================================
Received Import Request.
  Time since last request: 8.042592 seconds.
  path: Assets/solders/Solder_bear.prefab
  artifactKey: Guid(0c825c1c7ddefe94f841b565d825624f) Importer(815301076,1909f56bfc062723c751e8b465ee728b)
Start importing Assets/solders/Solder_bear.prefab using Guid(0c825c1c7ddefe94f841b565d825624f) Importer(815301076,1909f56bfc062723c751e8b465ee728b)  -> (artifact id: 'f5382912093d145317486cee064dda19') in 0.014164 seconds 
  Import took 0.018439 seconds .

========================================================================
Received Import Request.
  Time since last request: 3.208244 seconds.
  path: Assets/solders/Solder_bear.prefab
  artifactKey: Guid(0c825c1c7ddefe94f841b565d825624f) Importer(815301076,1909f56bfc062723c751e8b465ee728b)
Start importing Assets/solders/Solder_bear.prefab using Guid(0c825c1c7ddefe94f841b565d825624f) Importer(815301076,1909f56bfc062723c751e8b465ee728b)  -> (artifact id: '7119f8fea2ef5970430a4956702b6573') in 0.013380 seconds 
  Import took 0.017709 seconds .

========================================================================
Received Import Request.
  Time since last request: 11.473555 seconds.
  path: Assets/solders/Solder_bear.prefab
  artifactKey: Guid(0c825c1c7ddefe94f841b565d825624f) Importer(815301076,1909f56bfc062723c751e8b465ee728b)
Start importing Assets/solders/Solder_bear.prefab using Guid(0c825c1c7ddefe94f841b565d825624f) Importer(815301076,1909f56bfc062723c751e8b465ee728b)  -> (artifact id: '7ae119572d78cdbe9e583903c1a825e7') in 0.011407 seconds 
  Import took 0.015210 seconds .

========================================================================
Received Import Request.
  Time since last request: 2.799208 seconds.
  path: Assets/solders/Solder_bear.prefab
  artifactKey: Guid(0c825c1c7ddefe94f841b565d825624f) Importer(815301076,1909f56bfc062723c751e8b465ee728b)
Start importing Assets/solders/Solder_bear.prefab using Guid(0c825c1c7ddefe94f841b565d825624f) Importer(815301076,1909f56bfc062723c751e8b465ee728b)  -> (artifact id: 'f254e325541e8937239a4d906c547a1a') in 0.009844 seconds 
  Import took 0.013654 seconds .

========================================================================
Received Import Request.
  Time since last request: 5.634393 seconds.
  path: Assets/solders/Solder_bear.prefab
  artifactKey: Guid(0c825c1c7ddefe94f841b565d825624f) Importer(815301076,1909f56bfc062723c751e8b465ee728b)
Start importing Assets/solders/Solder_bear.prefab using Guid(0c825c1c7ddefe94f841b565d825624f) Importer(815301076,1909f56bfc062723c751e8b465ee728b)  -> (artifact id: '5f85dd83431617aa8a1a4581fbd52451') in 0.011003 seconds 
  Import took 0.014717 seconds .

========================================================================
Received Import Request.
  Time since last request: 7.454537 seconds.
  path: Assets/solders/Solder_bear.prefab
  artifactKey: Guid(0c825c1c7ddefe94f841b565d825624f) Importer(815301076,1909f56bfc062723c751e8b465ee728b)
Start importing Assets/solders/Solder_bear.prefab using Guid(0c825c1c7ddefe94f841b565d825624f) Importer(815301076,1909f56bfc062723c751e8b465ee728b)  -> (artifact id: '75348fb7eec71ced7bc448ab89e5aa37') in 0.014777 seconds 
  Import took 0.019239 seconds .

========================================================================
Received Import Request.
  Time since last request: 5.014058 seconds.
  path: Assets/solders/Solder_bear.prefab
  artifactKey: Guid(0c825c1c7ddefe94f841b565d825624f) Importer(815301076,1909f56bfc062723c751e8b465ee728b)
Start importing Assets/solders/Solder_bear.prefab using Guid(0c825c1c7ddefe94f841b565d825624f) Importer(815301076,1909f56bfc062723c751e8b465ee728b)  -> (artifact id: '346056e1c4bb88f5f5afecd8af8bc6ef') in 0.016547 seconds 
  Import took 0.020450 seconds .

========================================================================
Received Import Request.
  Time since last request: 1.986517 seconds.
  path: Assets/solders/Solder_bear.prefab
  artifactKey: Guid(0c825c1c7ddefe94f841b565d825624f) Importer(815301076,1909f56bfc062723c751e8b465ee728b)
Start importing Assets/solders/Solder_bear.prefab using Guid(0c825c1c7ddefe94f841b565d825624f) Importer(815301076,1909f56bfc062723c751e8b465ee728b)  -> (artifact id: '112c421b0ea604b378f25b9df006cbea') in 0.011240 seconds 
  Import took 0.015231 seconds .

========================================================================
Received Import Request.
  Time since last request: 5.618163 seconds.
  path: Assets/solders/Solder_bear.prefab
  artifactKey: Guid(0c825c1c7ddefe94f841b565d825624f) Importer(815301076,1909f56bfc062723c751e8b465ee728b)
Start importing Assets/solders/Solder_bear.prefab using Guid(0c825c1c7ddefe94f841b565d825624f) Importer(815301076,1909f56bfc062723c751e8b465ee728b)  -> (artifact id: '7c9f5ca931cc125bb74eb3d8a0af534a') in 0.011180 seconds 
  Import took 0.015596 seconds .

========================================================================
Received Import Request.
  Time since last request: 9.873614 seconds.
  path: Assets/solders/Solder_bear.prefab
  artifactKey: Guid(0c825c1c7ddefe94f841b565d825624f) Importer(815301076,1909f56bfc062723c751e8b465ee728b)
Start importing Assets/solders/Solder_bear.prefab using Guid(0c825c1c7ddefe94f841b565d825624f) Importer(815301076,1909f56bfc062723c751e8b465ee728b)  -> (artifact id: '7170e82d046d72e28d9ea02537020d95') in 0.010066 seconds 
  Import took 0.013800 seconds .

========================================================================
Received Import Request.
  Time since last request: 1.808336 seconds.
  path: Assets/solders/Solder_bear.prefab
  artifactKey: Guid(0c825c1c7ddefe94f841b565d825624f) Importer(815301076,1909f56bfc062723c751e8b465ee728b)
Start importing Assets/solders/Solder_bear.prefab using Guid(0c825c1c7ddefe94f841b565d825624f) Importer(815301076,1909f56bfc062723c751e8b465ee728b)  -> (artifact id: '24338d3dd621393f9bac971be8db3322') in 0.009893 seconds 
  Import took 0.013513 seconds .

========================================================================
Received Import Request.
  Time since last request: 1.587057 seconds.
  path: Assets/solders/Solder_bear.prefab
  artifactKey: Guid(0c825c1c7ddefe94f841b565d825624f) Importer(815301076,1909f56bfc062723c751e8b465ee728b)
Start importing Assets/solders/Solder_bear.prefab using Guid(0c825c1c7ddefe94f841b565d825624f) Importer(815301076,1909f56bfc062723c751e8b465ee728b)  -> (artifact id: 'e3e879e725e8cd5e158d7eebd7c3a7cb') in 0.009929 seconds 
  Import took 0.013952 seconds .

========================================================================
Received Import Request.
  Time since last request: 0.806550 seconds.
  path: Assets/solders/Solder_bear.prefab
  artifactKey: Guid(0c825c1c7ddefe94f841b565d825624f) Importer(815301076,1909f56bfc062723c751e8b465ee728b)
Start importing Assets/solders/Solder_bear.prefab using Guid(0c825c1c7ddefe94f841b565d825624f) Importer(815301076,1909f56bfc062723c751e8b465ee728b)  -> (artifact id: '9c89992614e58e757204a4f865ef5ff6') in 0.009613 seconds 
  Import took 0.012873 seconds .

========================================================================
Received Import Request.
  Time since last request: 9.866560 seconds.
  path: Assets/solders/Solder_bear.prefab
  artifactKey: Guid(0c825c1c7ddefe94f841b565d825624f) Importer(815301076,1909f56bfc062723c751e8b465ee728b)
Start importing Assets/solders/Solder_bear.prefab using Guid(0c825c1c7ddefe94f841b565d825624f) Importer(815301076,1909f56bfc062723c751e8b465ee728b)  -> (artifact id: '11391bd66f495078d4b96e3229d1ab98') in 0.011916 seconds 
  Import took 0.015328 seconds .

========================================================================
Received Import Request.
  Time since last request: 4.419512 seconds.
  path: Assets/solders/Solder_bear.prefab
  artifactKey: Guid(0c825c1c7ddefe94f841b565d825624f) Importer(815301076,1909f56bfc062723c751e8b465ee728b)
Start importing Assets/solders/Solder_bear.prefab using Guid(0c825c1c7ddefe94f841b565d825624f) Importer(815301076,1909f56bfc062723c751e8b465ee728b)  -> (artifact id: '1a6bf47f1c81c89a954e710dd5cc518a') in 0.011043 seconds 
  Import took 0.014686 seconds .

========================================================================
Received Import Request.
  Time since last request: 76.616479 seconds.
  path: Assets/solders/Solder_bear.prefab
  artifactKey: Guid(0c825c1c7ddefe94f841b565d825624f) Importer(815301076,1909f56bfc062723c751e8b465ee728b)
Start importing Assets/solders/Solder_bear.prefab using Guid(0c825c1c7ddefe94f841b565d825624f) Importer(815301076,1909f56bfc062723c751e8b465ee728b)  -> (artifact id: 'f3f5b1b2f4ba19fc73e1ff0beef26f20') in 0.012535 seconds 
  Import took 0.018254 seconds .

========================================================================
Received Import Request.
  Time since last request: 3.451297 seconds.
  path: Assets/solders/Solder_bear.prefab
  artifactKey: Guid(0c825c1c7ddefe94f841b565d825624f) Importer(815301076,1909f56bfc062723c751e8b465ee728b)
Start importing Assets/solders/Solder_bear.prefab using Guid(0c825c1c7ddefe94f841b565d825624f) Importer(815301076,1909f56bfc062723c751e8b465ee728b)  -> (artifact id: '44c4c5207cb2162d1cbc38686a49808a') in 0.019343 seconds 
  Import took 0.023161 seconds .

========================================================================
Received Import Request.
  Time since last request: 9.251978 seconds.
  path: Assets/solders/Solder_bear.prefab
  artifactKey: Guid(0c825c1c7ddefe94f841b565d825624f) Importer(815301076,1909f56bfc062723c751e8b465ee728b)
Start importing Assets/solders/Solder_bear.prefab using Guid(0c825c1c7ddefe94f841b565d825624f) Importer(815301076,1909f56bfc062723c751e8b465ee728b)  -> (artifact id: '079a319efdd7ad5585c4b86501b46ddf') in 0.014645 seconds 
  Import took 0.018343 seconds .

========================================================================
Received Import Request.
  Time since last request: 1.795379 seconds.
  path: Assets/solders/Solder_bear.prefab
  artifactKey: Guid(0c825c1c7ddefe94f841b565d825624f) Importer(815301076,1909f56bfc062723c751e8b465ee728b)
Start importing Assets/solders/Solder_bear.prefab using Guid(0c825c1c7ddefe94f841b565d825624f) Importer(815301076,1909f56bfc062723c751e8b465ee728b)  -> (artifact id: '3aa59f178b52863eceef39b7d0da1a10') in 0.010590 seconds 
  Import took 0.014027 seconds .

========================================================================
Received Import Request.
  Time since last request: 9.054570 seconds.
  path: Assets/solders/Solder_bear.prefab
  artifactKey: Guid(0c825c1c7ddefe94f841b565d825624f) Importer(815301076,1909f56bfc062723c751e8b465ee728b)
Start importing Assets/solders/Solder_bear.prefab using Guid(0c825c1c7ddefe94f841b565d825624f) Importer(815301076,1909f56bfc062723c751e8b465ee728b)  -> (artifact id: 'afa4bb879c3c9f9b4e290949e823ad37') in 0.014884 seconds 
  Import took 0.018985 seconds .

========================================================================
Received Import Request.
  Time since last request: 1.958665 seconds.
  path: Assets/solders/Solder_bear.prefab
  artifactKey: Guid(0c825c1c7ddefe94f841b565d825624f) Importer(815301076,1909f56bfc062723c751e8b465ee728b)
Start importing Assets/solders/Solder_bear.prefab using Guid(0c825c1c7ddefe94f841b565d825624f) Importer(815301076,1909f56bfc062723c751e8b465ee728b)  -> (artifact id: '960febd8d191c6ba09b21784f1ef7b6d') in 0.019203 seconds 
  Import took 0.023131 seconds .

========================================================================
Received Import Request.
  Time since last request: 2.593523 seconds.
  path: Assets/solders/Solder_bear.prefab
  artifactKey: Guid(0c825c1c7ddefe94f841b565d825624f) Importer(815301076,1909f56bfc062723c751e8b465ee728b)
Start importing Assets/solders/Solder_bear.prefab using Guid(0c825c1c7ddefe94f841b565d825624f) Importer(815301076,1909f56bfc062723c751e8b465ee728b)  -> (artifact id: 'd6580120731cf2d0bb0d019385dc52d7') in 0.010969 seconds 
  Import took 0.014644 seconds .

AssetImportWorkerClient::OnTransportError - code=2 error=End of file
